2023-09-25 10:33:56,507 [restartedMain] INFO  com.example.Welcome1Application                    - Starting Welcome1Application using Java 17.0.7 on PC-4360FTN with PID 1848 (F:\git practice\WELCOME-1\target\classes started by USER in F:\git practice\WELCOME-1)
2023-09-25 10:33:56,516 [restartedMain] INFO  com.example.Welcome1Application                    - No active profile set, falling back to 1 default profile: "default"
2023-09-25 10:33:56,672 [restartedMain] INFO  o.s.b.d.e.DevToolsPropertyDefaultsPostProcessor    - Devtools property defaults active! Set 'spring.devtools.add-properties' to 'false' to disable
2023-09-25 10:33:56,673 [restartedMain] INFO  o.s.b.d.e.DevToolsPropertyDefaultsPostProcessor    - For additional web related logging consider setting the 'logging.level.web' property to 'DEBUG'
2023-09-25 10:33:58,847 [restartedMain] INFO  o.s.b.w.embedded.tomcat.TomcatWebServer            - Tomcat initialized with port(s): 8080 (http)
2023-09-25 10:33:58,863 [restartedMain] INFO  o.apache.coyote.http11.Http11NioProtocol           - Initializing ProtocolHandler ["http-nio-8080"]
2023-09-25 10:33:58,865 [restartedMain] INFO  org.apache.catalina.core.StandardService           - Starting service [Tomcat]
2023-09-25 10:33:58,866 [restartedMain] INFO  org.apache.catalina.core.StandardEngine            - Starting Servlet engine: [Apache Tomcat/9.0.80]
2023-09-25 10:33:59,001 [restartedMain] INFO  o.a.c.c.C.[Tomcat].[localhost].[/]                 - Initializing Spring embedded WebApplicationContext
2023-09-25 10:33:59,002 [restartedMain] INFO  o.s.b.w.s.c.ServletWebServerApplicationContext     - Root WebApplicationContext: initialization completed in 2328 ms
2023-09-25 10:33:59,766 [restartedMain] INFO  o.s.b.d.a.OptionalLiveReloadServer                 - LiveReload server is running on port 35729
2023-09-25 10:33:59,794 [restartedMain] INFO  o.apache.coyote.http11.Http11NioProtocol           - Starting ProtocolHandler ["http-nio-8080"]
2023-09-25 10:33:59,802 [restartedMain] WARN  o.s.b.w.s.c.AnnotationConfigServletWebServerApplicationContext - Exception encountered during context initialization - cancelling refresh attempt: org.springframework.context.ApplicationContextException: Failed to start bean 'webServerStartStop'; nested exception is org.springframework.boot.web.server.PortInUseException: Port 8080 is already in use
2023-09-25 10:33:59,811 [restartedMain] INFO  o.apache.coyote.http11.Http11NioProtocol           - Pausing ProtocolHandler ["http-nio-8080"]
2023-09-25 10:33:59,812 [restartedMain] INFO  org.apache.catalina.core.StandardService           - Stopping service [Tomcat]
2023-09-25 10:33:59,824 [restartedMain] INFO  o.apache.coyote.http11.Http11NioProtocol           - Stopping ProtocolHandler ["http-nio-8080"]
2023-09-25 10:33:59,825 [restartedMain] INFO  o.apache.coyote.http11.Http11NioProtocol           - Destroying ProtocolHandler ["http-nio-8080"]
2023-09-25 10:33:59,836 [restartedMain] INFO  o.s.b.a.l.ConditionEvaluationReportLoggingListener - 

Error starting ApplicationContext. To display the conditions report re-run your application with 'debug' enabled.
2023-09-25 10:33:59,880 [restartedMain] ERROR o.s.b.d.LoggingFailureAnalysisReporter             - 

***************************
APPLICATION FAILED TO START
***************************

Description:

Web server failed to start. Port 8080 was already in use.

Action:

Identify and stop the process that's listening on port 8080 or configure this application to listen on another port.

2023-09-25 10:35:48,219 [restartedMain] INFO  com.example.Welcome1Application                    - Starting Welcome1Application using Java 17.0.7 on PC-4360FTN with PID 2764 (F:\git practice\WELCOME-1\target\classes started by USER in F:\git practice\WELCOME-1)
2023-09-25 10:35:48,224 [restartedMain] INFO  com.example.Welcome1Application                    - No active profile set, falling back to 1 default profile: "default"
2023-09-25 10:35:48,339 [restartedMain] INFO  o.s.b.d.e.DevToolsPropertyDefaultsPostProcessor    - Devtools property defaults active! Set 'spring.devtools.add-properties' to 'false' to disable
2023-09-25 10:35:48,339 [restartedMain] INFO  o.s.b.d.e.DevToolsPropertyDefaultsPostProcessor    - For additional web related logging consider setting the 'logging.level.web' property to 'DEBUG'
2023-09-25 10:35:50,356 [restartedMain] INFO  o.s.b.w.embedded.tomcat.TomcatWebServer            - Tomcat initialized with port(s): 8080 (http)
2023-09-25 10:35:50,372 [restartedMain] INFO  o.apache.coyote.http11.Http11NioProtocol           - Initializing ProtocolHandler ["http-nio-8080"]
2023-09-25 10:35:50,376 [restartedMain] INFO  org.apache.catalina.core.StandardService           - Starting service [Tomcat]
2023-09-25 10:35:50,376 [restartedMain] INFO  org.apache.catalina.core.StandardEngine            - Starting Servlet engine: [Apache Tomcat/9.0.80]
2023-09-25 10:35:50,490 [restartedMain] INFO  o.a.c.c.C.[Tomcat].[localhost].[/]                 - Initializing Spring embedded WebApplicationContext
2023-09-25 10:35:50,490 [restartedMain] INFO  o.s.b.w.s.c.ServletWebServerApplicationContext     - Root WebApplicationContext: initialization completed in 2150 ms
2023-09-25 10:35:51,097 [restartedMain] INFO  o.s.b.d.a.OptionalLiveReloadServer                 - LiveReload server is running on port 35729
2023-09-25 10:35:51,126 [restartedMain] INFO  o.apache.coyote.http11.Http11NioProtocol           - Starting ProtocolHandler ["http-nio-8080"]
2023-09-25 10:35:51,134 [restartedMain] WARN  o.s.b.w.s.c.AnnotationConfigServletWebServerApplicationContext - Exception encountered during context initialization - cancelling refresh attempt: org.springframework.context.ApplicationContextException: Failed to start bean 'webServerStartStop'; nested exception is org.springframework.boot.web.server.PortInUseException: Port 8080 is already in use
2023-09-25 10:35:51,139 [restartedMain] INFO  o.apache.coyote.http11.Http11NioProtocol           - Pausing ProtocolHandler ["http-nio-8080"]
2023-09-25 10:35:51,139 [restartedMain] INFO  org.apache.catalina.core.StandardService           - Stopping service [Tomcat]
2023-09-25 10:35:51,152 [restartedMain] INFO  o.apache.coyote.http11.Http11NioProtocol           - Stopping ProtocolHandler ["http-nio-8080"]
2023-09-25 10:35:51,154 [restartedMain] INFO  o.apache.coyote.http11.Http11NioProtocol           - Destroying ProtocolHandler ["http-nio-8080"]
2023-09-25 10:35:51,169 [restartedMain] INFO  o.s.b.a.l.ConditionEvaluationReportLoggingListener - 

Error starting ApplicationContext. To display the conditions report re-run your application with 'debug' enabled.
2023-09-25 10:35:51,203 [restartedMain] ERROR o.s.b.d.LoggingFailureAnalysisReporter             - 

***************************
APPLICATION FAILED TO START
***************************

Description:

Web server failed to start. Port 8080 was already in use.

Action:

Identify and stop the process that's listening on port 8080 or configure this application to listen on another port.

2023-09-25 10:36:40,342 [restartedMain] INFO  com.example.Welcome1Application                    - Starting Welcome1Application using Java 17.0.7 on PC-4360FTN with PID 9556 (F:\git practice\WELCOME-1\target\classes started by USER in F:\git practice\WELCOME-1)
2023-09-25 10:36:40,349 [restartedMain] INFO  com.example.Welcome1Application                    - No active profile set, falling back to 1 default profile: "default"
2023-09-25 10:36:40,468 [restartedMain] INFO  o.s.b.d.e.DevToolsPropertyDefaultsPostProcessor    - Devtools property defaults active! Set 'spring.devtools.add-properties' to 'false' to disable
2023-09-25 10:36:40,468 [restartedMain] INFO  o.s.b.d.e.DevToolsPropertyDefaultsPostProcessor    - For additional web related logging consider setting the 'logging.level.web' property to 'DEBUG'
2023-09-25 10:36:42,270 [restartedMain] INFO  o.s.b.w.embedded.tomcat.TomcatWebServer            - Tomcat initialized with port(s): 9091 (http)
2023-09-25 10:36:42,281 [restartedMain] INFO  o.apache.coyote.http11.Http11NioProtocol           - Initializing ProtocolHandler ["http-nio-9091"]
2023-09-25 10:36:42,286 [restartedMain] INFO  org.apache.catalina.core.StandardService           - Starting service [Tomcat]
2023-09-25 10:36:42,290 [restartedMain] INFO  org.apache.catalina.core.StandardEngine            - Starting Servlet engine: [Apache Tomcat/9.0.80]
2023-09-25 10:36:42,415 [restartedMain] INFO  o.a.c.c.C.[Tomcat].[localhost].[/]                 - Initializing Spring embedded WebApplicationContext
2023-09-25 10:36:42,416 [restartedMain] INFO  o.s.b.w.s.c.ServletWebServerApplicationContext     - Root WebApplicationContext: initialization completed in 1946 ms
2023-09-25 10:36:43,124 [restartedMain] INFO  o.s.b.d.a.OptionalLiveReloadServer                 - LiveReload server is running on port 35729
2023-09-25 10:36:43,154 [restartedMain] INFO  o.apache.coyote.http11.Http11NioProtocol           - Starting ProtocolHandler ["http-nio-9091"]
2023-09-25 10:36:43,196 [restartedMain] INFO  o.s.b.w.embedded.tomcat.TomcatWebServer            - Tomcat started on port(s): 9091 (http) with context path ''
2023-09-25 10:36:43,223 [restartedMain] INFO  com.example.Welcome1Application                    - Started Welcome1Application in 3.68 seconds (JVM running for 5.744)
2023-09-25 10:36:56,488 [http-nio-9091-exec-1] INFO  o.a.c.c.C.[Tomcat].[localhost].[/]                 - Initializing Spring DispatcherServlet 'dispatcherServlet'
2023-09-25 10:36:56,488 [http-nio-9091-exec-1] INFO  o.s.web.servlet.DispatcherServlet                  - Initializing Servlet 'dispatcherServlet'
2023-09-25 10:36:56,491 [http-nio-9091-exec-1] INFO  o.s.web.servlet.DispatcherServlet                  - Completed initialization in 2 ms
2023-09-25 10:36:56,550 [http-nio-9091-exec-1] INFO  com.example.rest.GreetRestController               - greetMethod Execution Started
2023-09-25 10:36:56,550 [http-nio-9091-exec-1] INFO  com.example.rest.GreetRestController               - greetMethod Execution Ended
2023-09-25 10:37:08,692 [http-nio-9091-exec-3] INFO  com.example.rest.WelcomeRestController             - getWelcomeMethod Execution Started
2023-09-25 10:37:08,749 [http-nio-9091-exec-3] ERROR o.a.c.c.C.[.[.[/].[dispatcherServlet]              - Servlet.service() for servlet [dispatcherServlet] in context with path [] threw exception [Request processing failed; nested exception is java.lang.ArithmeticException: / by zero] with root cause
java.lang.ArithmeticException: / by zero
	at com.example.rest.WelcomeRestController.getWelcomeMsg(WelcomeRestController.java:20)
	at java.base/jdk.internal.reflect.NativeMethodAccessorImpl.invoke0(Native Method)
	at java.base/jdk.internal.reflect.NativeMethodAccessorImpl.invoke(NativeMethodAccessorImpl.java:77)
	at java.base/jdk.internal.reflect.DelegatingMethodAccessorImpl.invoke(DelegatingMethodAccessorImpl.java:43)
	at java.base/java.lang.reflect.Method.invoke(Method.java:568)
	at org.springframework.web.method.support.InvocableHandlerMethod.doInvoke(InvocableHandlerMethod.java:205)
	at org.springframework.web.method.support.InvocableHandlerMethod.invokeForRequest(InvocableHandlerMethod.java:150)
	at org.springframework.web.servlet.mvc.method.annotation.ServletInvocableHandlerMethod.invokeAndHandle(ServletInvocableHandlerMethod.java:117)
	at org.springframework.web.servlet.mvc.method.annotation.RequestMappingHandlerAdapter.invokeHandlerMethod(RequestMappingHandlerAdapter.java:895)
	at org.springframework.web.servlet.mvc.method.annotation.RequestMappingHandlerAdapter.handleInternal(RequestMappingHandlerAdapter.java:808)
	at org.springframework.web.servlet.mvc.method.AbstractHandlerMethodAdapter.handle(AbstractHandlerMethodAdapter.java:87)
	at org.springframework.web.servlet.DispatcherServlet.doDispatch(DispatcherServlet.java:1072)
	at org.springframework.web.servlet.DispatcherServlet.doService(DispatcherServlet.java:965)
	at org.springframework.web.servlet.FrameworkServlet.processRequest(FrameworkServlet.java:1006)
	at org.springframework.web.servlet.FrameworkServlet.doGet(FrameworkServlet.java:898)
	at javax.servlet.http.HttpServlet.service(HttpServlet.java:529)
	at org.springframework.web.servlet.FrameworkServlet.service(FrameworkServlet.java:883)
	at javax.servlet.http.HttpServlet.service(HttpServlet.java:623)
	at org.apache.catalina.core.ApplicationFilterChain.internalDoFilter(ApplicationFilterChain.java:209)
	at org.apache.catalina.core.ApplicationFilterChain.doFilter(ApplicationFilterChain.java:153)
	at org.apache.tomcat.websocket.server.WsFilter.doFilter(WsFilter.java:51)
	at org.apache.catalina.core.ApplicationFilterChain.internalDoFilter(ApplicationFilterChain.java:178)
	at org.apache.catalina.core.ApplicationFilterChain.doFilter(ApplicationFilterChain.java:153)
	at org.springframework.web.filter.RequestContextFilter.doFilterInternal(RequestContextFilter.java:100)
	at org.springframework.web.filter.OncePerRequestFilter.doFilter(OncePerRequestFilter.java:117)
	at org.apache.catalina.core.ApplicationFilterChain.internalDoFilter(ApplicationFilterChain.java:178)
	at org.apache.catalina.core.ApplicationFilterChain.doFilter(ApplicationFilterChain.java:153)
	at org.springframework.web.filter.FormContentFilter.doFilterInternal(FormContentFilter.java:93)
	at org.springframework.web.filter.OncePerRequestFilter.doFilter(OncePerRequestFilter.java:117)
	at org.apache.catalina.core.ApplicationFilterChain.internalDoFilter(ApplicationFilterChain.java:178)
	at org.apache.catalina.core.ApplicationFilterChain.doFilter(ApplicationFilterChain.java:153)
	at org.springframework.web.filter.CharacterEncodingFilter.doFilterInternal(CharacterEncodingFilter.java:201)
	at org.springframework.web.filter.OncePerRequestFilter.doFilter(OncePerRequestFilter.java:117)
	at org.apache.catalina.core.ApplicationFilterChain.internalDoFilter(ApplicationFilterChain.java:178)
	at org.apache.catalina.core.ApplicationFilterChain.doFilter(ApplicationFilterChain.java:153)
	at org.apache.catalina.core.StandardWrapperValve.invoke(StandardWrapperValve.java:168)
	at org.apache.catalina.core.StandardContextValve.invoke(StandardContextValve.java:90)
	at org.apache.catalina.authenticator.AuthenticatorBase.invoke(AuthenticatorBase.java:481)
	at org.apache.catalina.core.StandardHostValve.invoke(StandardHostValve.java:130)
	at org.apache.catalina.valves.ErrorReportValve.invoke(ErrorReportValve.java:93)
	at org.apache.catalina.core.StandardEngineValve.invoke(StandardEngineValve.java:74)
	at org.apache.catalina.connector.CoyoteAdapter.service(CoyoteAdapter.java:343)
	at org.apache.coyote.http11.Http11Processor.service(Http11Processor.java:390)
	at org.apache.coyote.AbstractProcessorLight.process(AbstractProcessorLight.java:63)
	at org.apache.coyote.AbstractProtocol$ConnectionHandler.process(AbstractProtocol.java:926)
	at org.apache.tomcat.util.net.NioEndpoint$SocketProcessor.doRun(NioEndpoint.java:1790)
	at org.apache.tomcat.util.net.SocketProcessorBase.run(SocketProcessorBase.java:52)
	at org.apache.tomcat.util.threads.ThreadPoolExecutor.runWorker(ThreadPoolExecutor.java:1191)
	at org.apache.tomcat.util.threads.ThreadPoolExecutor$Worker.run(ThreadPoolExecutor.java:659)
	at org.apache.tomcat.util.threads.TaskThread$WrappingRunnable.run(TaskThread.java:61)
	at java.base/java.lang.Thread.run(Thread.java:833)
2023-09-25 10:37:35,436 [RMI TCP Connection(9)-127.0.0.1] INFO  o.s.b.a.SpringApplicationAdminMXBeanRegistrar$SpringApplicationAdmin - Application shutdown requested.
2023-09-25 10:37:35,460 [RMI TCP Connection(9)-127.0.0.1] INFO  o.apache.coyote.http11.Http11NioProtocol           - Pausing ProtocolHandler ["http-nio-9091"]
2023-09-25 10:37:35,461 [RMI TCP Connection(9)-127.0.0.1] INFO  org.apache.catalina.core.StandardService           - Stopping service [Tomcat]
2023-09-25 10:37:35,469 [RMI TCP Connection(9)-127.0.0.1] INFO  o.a.c.c.C.[Tomcat].[localhost].[/]                 - Destroying Spring FrameworkServlet 'dispatcherServlet'
2023-09-25 10:37:35,478 [RMI TCP Connection(9)-127.0.0.1] INFO  o.apache.coyote.http11.Http11NioProtocol           - Stopping ProtocolHandler ["http-nio-9091"]
2023-09-25 10:37:35,482 [RMI TCP Connection(9)-127.0.0.1] INFO  o.apache.coyote.http11.Http11NioProtocol           - Destroying ProtocolHandler ["http-nio-9091"]
2023-09-25 10:38:25,749 [main] INFO  o.s.b.t.c.SpringBootTestContextBootstrapper        - Neither @ContextConfiguration nor @ContextHierarchy found for test class [com.example.Welcome1ApplicationTests], using SpringBootContextLoader
2023-09-25 10:38:25,807 [main] INFO  o.s.t.c.support.AbstractContextLoader              - Could not detect default resource locations for test class [com.example.Welcome1ApplicationTests]: no resource found for suffixes {-context.xml, Context.groovy}.
2023-09-25 10:38:25,810 [main] INFO  o.s.t.c.s.AnnotationConfigContextLoaderUtils       - Could not detect default configuration classes for test class [com.example.Welcome1ApplicationTests]: Welcome1ApplicationTests does not declare any static, non-private, non-final, nested classes annotated with @Configuration.
2023-09-25 10:38:26,297 [main] INFO  o.s.b.t.c.SpringBootTestContextBootstrapper        - Found @SpringBootConfiguration com.example.Welcome1Application for test class com.example.Welcome1ApplicationTests
2023-09-25 10:38:26,728 [main] INFO  o.s.b.t.c.SpringBootTestContextBootstrapper        - Loaded default TestExecutionListener class names from location [META-INF/spring.factories]: [org.springframework.boot.test.mock.mockito.MockitoTestExecutionListener, org.springframework.boot.test.mock.mockito.ResetMocksTestExecutionListener, org.springframework.boot.test.autoconfigure.restdocs.RestDocsTestExecutionListener, org.springframework.boot.test.autoconfigure.web.client.MockRestServiceServerResetTestExecutionListener, org.springframework.boot.test.autoconfigure.web.servlet.MockMvcPrintOnlyOnFailureTestExecutionListener, org.springframework.boot.test.autoconfigure.web.servlet.WebDriverTestExecutionListener, org.springframework.boot.test.autoconfigure.webservices.client.MockWebServiceServerTestExecutionListener, org.springframework.test.context.web.ServletTestExecutionListener, org.springframework.test.context.support.DirtiesContextBeforeModesTestExecutionListener, org.springframework.test.context.event.ApplicationEventsTestExecutionListener, org.springframework.test.context.support.DependencyInjectionTestExecutionListener, org.springframework.test.context.support.DirtiesContextTestExecutionListener, org.springframework.test.context.transaction.TransactionalTestExecutionListener, org.springframework.test.context.jdbc.SqlScriptsTestExecutionListener, org.springframework.test.context.event.EventPublishingTestExecutionListener]
2023-09-25 10:38:26,781 [main] INFO  o.s.b.t.c.SpringBootTestContextBootstrapper        - Using TestExecutionListeners: [org.springframework.test.context.web.ServletTestExecutionListener@64337702, org.springframework.test.context.support.DirtiesContextBeforeModesTestExecutionListener@2cf92cc7, org.springframework.test.context.event.ApplicationEventsTestExecutionListener@30ea8c23, org.springframework.boot.test.mock.mockito.MockitoTestExecutionListener@7b139eab, org.springframework.boot.test.autoconfigure.SpringBootDependencyInjectionTestExecutionListener@4e76dac, org.springframework.test.context.support.DirtiesContextTestExecutionListener@611df6e3, org.springframework.test.context.event.EventPublishingTestExecutionListener@5f2f577, org.springframework.boot.test.mock.mockito.ResetMocksTestExecutionListener@6273c5a4, org.springframework.boot.test.autoconfigure.restdocs.RestDocsTestExecutionListener@5d465e4b, org.springframework.boot.test.autoconfigure.web.client.MockRestServiceServerResetTestExecutionListener@53e211ee, org.springframework.boot.test.autoconfigure.web.servlet.MockMvcPrintOnlyOnFailureTestExecutionListener@41a90fa8, org.springframework.boot.test.autoconfigure.web.servlet.WebDriverTestExecutionListener@3d8bbcdc, org.springframework.boot.test.autoconfigure.webservices.client.MockWebServiceServerTestExecutionListener@52500920]
2023-09-25 10:38:28,206 [main] INFO  com.example.Welcome1ApplicationTests               - Starting Welcome1ApplicationTests using Java 17.0.7 on PC-4360FTN with PID 21324 (started by USER in F:\git practice\WELCOME-1)
2023-09-25 10:38:28,217 [main] INFO  com.example.Welcome1ApplicationTests               - No active profile set, falling back to 1 default profile: "default"
2023-09-25 10:38:34,093 [main] INFO  com.example.Welcome1ApplicationTests               - Started Welcome1ApplicationTests in 7.145 seconds (JVM running for 11.891)
